[monopoly.pcmusic.info/index.html]
[backblue.gif]
[fade.gif]
[index.html]
[monopoly.pcmusic.info/img/cover.jpg]
[monopoly.pcmusic.info/js/vendor/modernizr-2.6.2.min.js]
[monopoly.pcmusic.info/img/a1.png]
[monopoly.pcmusic.info/img/b1.png]
[monopoly.pcmusic.info/img/a4.png]
[monopoly.pcmusic.info/img/b4.png]
[monopoly.pcmusic.info/img/d4.png]
[monopoly.pcmusic.info/img/e4.png]
[monopoly.pcmusic.info/img/e6.png]
[monopoly.pcmusic.info/img/f6.png]
[monopoly.pcmusic.info/img/text1.png]
[monopoly.pcmusic.info/js/vendor/jquery-1.9.1.min.js]
[monopoly.pcmusic.info/js/plugins.js]
[monopoly.pcmusic.info/js/main.js]
[monopoly.pcmusic.info/js/jquery.transit.min.js]
[monopoly.pcmusic.info/index.html]
[monopoly.pcmusic.info/css/normalize.min.css]
[monopoly.pcmusic.info/css/main.css]
[monopoly.pcmusic.info/css/csshake.css]
[monopoly.pcmusic.info/img/e4.png]
[25.media.tumblr.com/avatar_9fd7286c3f9a_128.png]
[ajax.googleapis.com/ajax/libs/jquery/1.9.1/jquery.min.js]
